--
ANOMOLY FOUND: 
	Votesmart Cand: William Driscoll, 	SQL Cand: Bill Driscoll Jr., 
	State: Massachusetts, 
	Position: State House, 
	VS District: 7 , 	SQL District: Seventh Norfolk, 
	VoteSmartID: 172176
--
--
ANOMOLY FOUND: 
	Votesmart Cand: Thomas Golden, 	SQL Cand: Tom Golden Jr., 
	State: Massachusetts, 
	Position: State House, 
	VS District: 16 , 	SQL District: Sixteenth Middlesex, 
	VoteSmartID: 4765
--
--
ANOMOLY FOUND: 
	Votesmart Cand: Bradley Jones, 	SQL Cand: Brad Jones Jr., 
	State: Massachusetts, 
	Position: State House, 
	VS District: 20 , 	SQL District: Twentieth Middlesex, 
	VoteSmartID: 4821
--
--
ANOMOLY FOUND: 
	Votesmart Cand: Joseph McGonagle, 	SQL Cand: Joe McGonagle Jr., 
	State: Massachusetts, 
	Position: State House, 
	VS District: 28 , 	SQL District: Twenty-Eighth Middlesex, 
	VoteSmartID: 122737
--
ANOMOLY FOUND: 
	Votesmart Cand: Jonathan Hecht, 	SQL Cand: Jon Hecht, 
	State: Massachusetts, 
	Position: State House, 
	VS District: 29 , 	SQL District: Twenty-Ninth Middlesex, 
	VoteSmartID: 78629
--
--
ANOMOLY FOUND: 
	Votesmart Cand: Jennifer Benson, 	SQL Cand: Jen Benson, 
	State: Massachusetts, 
	Position: State House, 
	VS District: 37 , 	SQL District: Thirty-Seventh Middlesex, 
	VoteSmartID: 109551
--

--
--
ANOMOLY FOUND: 
	Votesmart Cand: Ann-Margaret Ferrante, 	SQL Cand: Ann, 
	State: Massachusetts, 
	Position: State House, 
	VS District: 5 , 	SQL District: Fifth Essex, 
	VoteSmartID: 109532
--
--
--
ANOMOLY FOUND: 
	Votesmart Cand: Theodore Speliotis, 	SQL Cand: Ted Speliotis, 
	State: Massachusetts, 
	Position: State House, 
	VS District: 13 , 	SQL District: Thirteenth Essex, 
	VoteSmartID: 13652
--
--
--
ANOMOLY FOUND: 
	Votesmart Cand: Patricia Haddad, 	SQL Cand: Pat Haddad, 
	State: Massachusetts, 
	Position: State House, 
	VS District: 5 , 	SQL District: Fifth Bristol, 
	VoteSmartID: 54303
--
--
--
ANOMOLY FOUND: 
	Votesmart Cand: Christopher Markey, 	SQL Cand: Chris Markey, 
	State: Massachusetts, 
	Position: State House, 
	VS District: 9 , 	SQL District: Ninth Bristol, 
	VoteSmartID: 124990
--
--
--
ANOMOLY FOUND: 
	Votesmart Cand: Antonio Cabral, 	SQL Cand: Tony Cabral, 
	State: Massachusetts, 
	Position: State House, 
	VS District: 13 , 	SQL District: Thirteenth Bristol, 
	VoteSmartID: 4772
--
--
--
ANOMOLY FOUND: 
	Votesmart Cand: Elizabeth Malia, 	SQL Cand: Liz Malia, 
	State: Massachusetts, 
	Position: State House, 
	VS District: 11 , 	SQL District: Eleventh Suffolk, 
	VoteSmartID: 1991
--
--
--
ANOMOLY FOUND: 
	Votesmart Cand: Kimberly Ferguson, 	SQL Cand: Kim Ferguson, 
	State: Massachusetts, 
	Position: State House, 
	VS District: 1 , 	SQL District: First Worcester, 
	VoteSmartID: 124876
--
--
ANOMOLY FOUND: 
	Votesmart Cand: Jonathan Zlotnik, 	SQL Cand: Jon Zlotnik, 
	State: Massachusetts, 
	Position: State House, 
	VS District: 2 , 	SQL District: Second Worcester, 
	VoteSmartID: 141617
--
--
--
ANOMOLY FOUND: 
	Votesmart Cand: Donald Berthiaume, 	SQL Cand: Donnie Berthiaume Jr., 
	State: Massachusetts, 
	Position: State House, 
	VS District: 5 , 	SQL District: Fifth Worcester, 
	VoteSmartID: 154093
--
--
--
ANOMOLY FOUND: 
	Votesmart Cand: David Muradian, 	SQL Cand: Dave Muradian Jr., 
	State: Massachusetts, 
	Position: State House, 
	VS District: 9 , 	SQL District: Ninth Worcester, 
	VoteSmartID: 154095
--
--
--
ANOMOLY FOUND: 
	Votesmart Cand: Harold Naughton, 	SQL Cand: Hank Naughton Jr., 
	State: Massachusetts, 
	Position: State House, 
	VS District: 12 , 	SQL District: Twelfth Worcester, 
	VoteSmartID: 4858
--
--
--
ANOMOLY FOUND: 
	Votesmart Cand: Nicholas Boldyga, 	SQL Cand: Nick Boldyga, 
	State: Massachusetts, 
	Position: State House, 
	VS District: 3 , 	SQL District: Third Hampden, 
	VoteSmartID: 110813
--
--
--
ANOMOLY FOUND: 
	Votesmart Cand: Tricia Farley-Bouvier, 	SQL Cand: Tricia Farley, 
	State: Massachusetts, 
	Position: State House, 
	VS District: 3 , 	SQL District: Third Berkshire, 
	VoteSmartID: 139625
--
--
ANOMOLY FOUND: 
	Votesmart Cand: William Pignatelli, 	SQL Cand: Smitty Pignatelli, 
	State: Massachusetts, 
	Position: State House, 
	VS District: 4 , 	SQL District: Fourth Berkshire, 
	VoteSmartID: 36036
--
--
--
ANOMOLY FOUND: 
	Votesmart Cand: William Crocker, 	SQL Cand: Will Crocker Jr., 
	State: Massachusetts, 
	Position: State House, 
	VS District: 2 , 	SQL District: Second Barnstable, 
	VoteSmartID: 68437
--
--
--
ANOMOLY FOUND: 
	Votesmart Cand: James Webb, 	SQL Cand: Jim Webb Sr., 
	State: New Hampshire, 
	Position: State House, 
	VS District: 6 , 	SQL District: Rockingham 6, 
	VoteSmartID: 143339
--
--
--
ANOMOLY FOUND: 
	Votesmart Cand: Katherine Prudhomme-O'Brien, 	SQL Cand: Katherine Prudhomme, 
	State: New Hampshire, 
	Position: State House, 
	VS District: 6 , 	SQL District: Rockingham 6, 
	VoteSmartID: 185307
--
--
--
ANOMOLY FOUND: 
	Votesmart Cand: Elizabeth McConnell, 	SQL Cand: Liz McConnell, 
	State: New Hampshire, 
	Position: State House, 
	VS District: 11 , 	SQL District: Rockingham 11, 
	VoteSmartID: 173141
--
--
--
ANOMOLY FOUND: 
	Votesmart Cand: Robert Cushing, 	SQL Cand: Renny Cushing Jr., 
	State: New Hampshire, 
	Position: State House, 
	VS District: 21 , 	SQL District: Rockingham 21, 
	VoteSmartID: 14688
--
--
--
ANOMOLY FOUND: 
	Votesmart Cand: Rebecca McBeath, 	SQL Cand: Becky McBeath, 
	State: New Hampshire, 
	Position: State House, 
	VS District: 26 , 	SQL District: Rockingham 26, 
	VoteSmartID: 154353
--
--
--
ANOMOLY FOUND: 
	Votesmart Cand: Jacqueline Cali-Pitts, 	SQL Cand: Jackie Cali, 
	State: New Hampshire, 
	Position: State House, 
	VS District: 30 , 	SQL District: Rockingham 30, 
	VoteSmartID: 21535
--
--
ANOMOLY FOUND: 
	Votesmart Cand: Jacqueline Cali-Pitts, 	SQL Cand: Jackie Cali, 
	State: New Hampshire, 
	Position: State House, 
	VS District: 30 , 	SQL District: Rockingham 30, 
	VoteSmartID: 21535
--
--
ANOMOLY FOUND: 
	Votesmart Cand: Jacqueline Cali-Pitts, 	SQL Cand: Jackie Cali, 
	State: New Hampshire, 
	Position: State House, 
	VS District: 30 , 	SQL District: Rockingham 30, 
	VoteSmartID: 21535
--
--
ANOMOLY FOUND: 
	Votesmart Cand: Jacqueline Cali-Pitts, 	SQL Cand: Jackie Cali, 
	State: New Hampshire, 
	Position: State House, 
	VS District: 30 , 	SQL District: Rockingham 30, 
	VoteSmartID: 21535
--
--
--
ANOMOLY FOUND: 
	Votesmart Cand: Patricia Lovejoy, 	SQL Cand: Patty Lovejoy, 
	State: New Hampshire, 
	Position: State House, 
	VS District: 36 , 	SQL District: Rockingham 36, 
	VoteSmartID: 128198
--
--
ANOMOLY FOUND: 
	Votesmart Cand: Patricia Lovejoy, 	SQL Cand: Patty Lovejoy, 
	State: New Hampshire, 
	Position: State House, 
	VS District: 36 , 	SQL District: Rockingham 36, 
	VoteSmartID: 128198
--
--
ANOMOLY FOUND: 
	Votesmart Cand: Patricia Lovejoy, 	SQL Cand: Patty Lovejoy, 
	State: New Hampshire, 
	Position: State House, 
	VS District: 36 , 	SQL District: Rockingham 36, 
	VoteSmartID: 128198
--
--
ANOMOLY FOUND: 
	Votesmart Cand: Patricia Lovejoy, 	SQL Cand: Patty Lovejoy, 
	State: New Hampshire, 
	Position: State House, 
	VS District: 36 , 	SQL District: Rockingham 36, 
	VoteSmartID: 128198
--
--
--
ANOMOLY FOUND: 
	Votesmart Cand: Joseph Alexander, 	SQL Cand: Joe Alexander Jr., 
	State: New Hampshire, 
	Position: State House, 
	VS District: 6 , 	SQL District: Hillsborough 6, 
	VoteSmartID: 175812
--
--
--
ANOMOLY FOUND: 
	Votesmart Cand: Frederick Plett, 	SQL Cand: Fred Plett, 
	State: New Hampshire, 
	Position: State House, 
	VS District: 6 , 	SQL District: Hillsborough 6, 
	VoteSmartID: 185244
--
--
--
ANOMOLY FOUND: 
	Votesmart Cand: Israel Piedra, 	SQL Cand: Iz Piedra, 
	State: New Hampshire, 
	Position: State House, 
	VS District: 9 , 	SQL District: Hillsborough 9, 
	VoteSmartID: 185336
--
--
--
ANOMOLY FOUND: 
	Votesmart Cand: Nicole Klein-Knight, 	SQL Cand: Nicole Klein, 
	State: New Hampshire, 
	Position: State House, 
	VS District: 11 , 	SQL District: Hillsborough 11, 
	VoteSmartID: 185343
--
--
--
ANOMOLY FOUND: 
	Votesmart Cand: Andrew Bouldin, 	SQL Cand: Amanda Bouldin, 
	State: New Hampshire, 
	Position: State House, 
	VS District: 12 , 	SQL District: Hillsborough 12, 
	VoteSmartID: 185553
--
--
ANOMOLY FOUND: 
	Votesmart Cand: Amanda Bouldin, 	SQL Cand: Andrew Bouldin, 
	State: New Hampshire, 
	Position: State House, 
	VS District: 12 , 	SQL District: Hillsborough 12, 
	VoteSmartID: 154276
--
--
ANOMOLY FOUND: 
	Votesmart Cand: Richard Barry, 	SQL Cand: Dick Barry, 
	State: New Hampshire, 
	Position: State House, 
	VS District: 21 , 	SQL District: Hillsborough 21, 
	VoteSmartID: 69062
--
--
ANOMOLY FOUND: 
	Votesmart Cand: Richard Hinch, 	SQL Cand: Dick Hinch, 
	State: New Hampshire, 
	Position: State House, 
	VS District: 21 , 	SQL District: Hillsborough 21, 
	VoteSmartID: 109852
--
--
ANOMOLY FOUND: 
	Votesmart Cand: Patricia Klee, 	SQL Cand: Trish Klee, 
	State: New Hampshire, 
	Position: State House, 
	VS District: 30 , 	SQL District: Hillsborough 30, 
	VoteSmartID: 172628
--
--
ANOMOLY FOUND: 
	Votesmart Cand: Allison Nutting-Wong, 	SQL Cand: Allison Nutting, 
	State: New Hampshire, 
	Position: State House, 
	VS District: 32 , 	SQL District: Hillsborough 32, 
	VoteSmartID: 154304
--
--
ANOMOLY FOUND: 
	Votesmart Cand: Fran Nutter-Upham, 	SQL Cand: Fran Nutter, 
	State: New Hampshire, 
	Position: State House, 
	VS District: 33 , 	SQL District: Hillsborough 33, 
	VoteSmartID: 185584
--
--
ANOMOLY FOUND: 
	Votesmart Cand: Thornton Cleaver, 	SQL Cand: Skip Cleaver, 
	State: New Hampshire, 
	Position: State House, 
	VS District: 35 , 	SQL District: Hillsborough 35, 
	VoteSmartID: 172654
--
--
ANOMOLY FOUND: 
	Votesmart Cand: Linda Harriott-Gathright, 	SQL Cand: Linda Harriott, 
	State: New Hampshire, 
	Position: State House, 
	VS District: 36 , 	SQL District: Hillsborough 36, 
	VoteSmartID: 126881
--
--
ANOMOLY FOUND: 
	Votesmart Cand: Russell Ober, 	SQL Cand: Russ Ober III, 
	State: New Hampshire, 
	Position: State House, 
	VS District: 37 , 	SQL District: Hillsborough 37, 
	VoteSmartID: 42255
--
ANOMOLY FOUND: 
	Votesmart Cand: Lynne Ober, 	SQL Cand: Russ Ober III, 
	State: New Hampshire, 
	Position: State House, 
	VS District: 37 , 	SQL District: Hillsborough 37, 
	VoteSmartID: 42714
--
--
ANOMOLY FOUND: 
	Votesmart Cand: Russell Ober, 	SQL Cand: Lynne Ober, 
	State: New Hampshire, 
	Position: State House, 
	VS District: 37 , 	SQL District: Hillsborough 37, 
	VoteSmartID: 42255
--
--
ANOMOLY FOUND: 
	Votesmart Cand: Kimberly Rice, 	SQL Cand: Kim Rice, 
	State: New Hampshire, 
	Position: State House, 
	VS District: 37 , 	SQL District: Hillsborough 37, 
	VoteSmartID: 154512
--
--
ANOMOLY FOUND: 
	Votesmart Cand: Tony Lekas, 	SQL Cand: Alicia Lekas, 
	State: New Hampshire, 
	Position: State House, 
	VS District: 37 , 	SQL District: Hillsborough 37, 
	VoteSmartID: 54877
--
--
ANOMOLY FOUND: 
	Votesmart Cand: Alicia Lekas, 	SQL Cand: Tony Lekas, 
	State: New Hampshire, 
	Position: State House, 
	VS District: 37 , 	SQL District: Hillsborough 37, 
	VoteSmartID: 185263
--
--
ANOMOLY FOUND: 
	Votesmart Cand: Benjamin Baroody, 	SQL Cand: Ben Baroody, 
	State: New Hampshire, 
	Position: State House, 
	VS District: 43 , 	SQL District: Hillsborough 43, 
	VoteSmartID: 4935
--
ANOMOLY FOUND: 
	Votesmart Cand: Benjamin Baroody, 	SQL Cand: Ben Baroody, 
	State: New Hampshire, 
	Position: State House, 
	VS District: 43 , 	SQL District: Hillsborough 43, 
	VoteSmartID: 4935
--
ANOMOLY FOUND: 
	Votesmart Cand: Benjamin Baroody, 	SQL Cand: Ben Baroody, 
	State: New Hampshire, 
	Position: State House, 
	VS District: 43 , 	SQL District: Hillsborough 43, 
	VoteSmartID: 4935
--
ANOMOLY FOUND: 
	Votesmart Cand: Benjamin Baroody, 	SQL Cand: Ben Baroody, 
	State: New Hampshire, 
	Position: State House, 
	VS District: 43 , 	SQL District: Hillsborough 43, 
	VoteSmartID: 4935
--
ANOMOLY FOUND: 
	Votesmart Cand: Benjamin Baroody, 	SQL Cand: Ben Baroody, 
	State: New Hampshire, 
	Position: State House, 
	VS District: 43 , 	SQL District: Hillsborough 43, 
	VoteSmartID: 4935
--
--
ANOMOLY FOUND: 
	Votesmart Cand: Christopher Herbert, 	SQL Cand: Chris Herbert, 
	State: New Hampshire, 
	Position: State House, 
	VS District: 43 , 	SQL District: Hillsborough 43, 
	VoteSmartID: 154313
--
ANOMOLY FOUND: 
	Votesmart Cand: Christopher Herbert, 	SQL Cand: Chris Herbert, 
	State: New Hampshire, 
	Position: State House, 
	VS District: 43 , 	SQL District: Hillsborough 43, 
	VoteSmartID: 154313
--
ANOMOLY FOUND: 
	Votesmart Cand: Christopher Herbert, 	SQL Cand: Chris Herbert, 
	State: New Hampshire, 
	Position: State House, 
	VS District: 43 , 	SQL District: Hillsborough 43, 
	VoteSmartID: 154313
--
ANOMOLY FOUND: 
	Votesmart Cand: Christopher Herbert, 	SQL Cand: Chris Herbert, 
	State: New Hampshire, 
	Position: State House, 
	VS District: 43 , 	SQL District: Hillsborough 43, 
	VoteSmartID: 154313
--
ANOMOLY FOUND: 
	Votesmart Cand: Christopher Herbert, 	SQL Cand: Chris Herbert, 
	State: New Hampshire, 
	Position: State House, 
	VS District: 43 , 	SQL District: Hillsborough 43, 
	VoteSmartID: 154313
--
--
ANOMOLY FOUND: 
	Votesmart Cand: Derek Kittredge, 	SQL Cand: Mac Kittredge, 
	State: New Hampshire, 
	Position: State House, 
	VS District: 12 , 	SQL District: Strafford 12, 
	VoteSmartID: 110086
--
--
ANOMOLY FOUND: 
	Votesmart Cand: Catheryn Sandler, 	SQL Cand: Catt Sandler, 
	State: New Hampshire, 
	Position: State House, 
	VS District: 21 , 	SQL District: Strafford 21, 
	VoteSmartID: 172719
--
ANOMOLY FOUND: 
	Votesmart Cand: Catheryn Sandler, 	SQL Cand: Catt Sandler, 
	State: New Hampshire, 
	Position: State House, 
	VS District: 21 , 	SQL District: Strafford 21, 
	VoteSmartID: 172719
--
ANOMOLY FOUND: 
	Votesmart Cand: Catheryn Sandler, 	SQL Cand: Catt Sandler, 
	State: New Hampshire, 
	Position: State House, 
	VS District: 21 , 	SQL District: Strafford 21, 
	VoteSmartID: 172719
--
--
ANOMOLY FOUND: 
	Votesmart Cand: Elizabeth Rodd, 	SQL Cand: Beth Rodd, 
	State: New Hampshire, 
	Position: State House, 
	VS District: 6 , 	SQL District: Merrimack 6, 
	VoteSmartID: 21445
--
ANOMOLY FOUND: 
	Votesmart Cand: Roderick Pimentel, 	SQL Cand: Rod Pimentel, 
	State: New Hampshire, 
	Position: State House, 
	VS District: 6 , 	SQL District: Merrimack 6, 
	VoteSmartID: 185621
--
--
ANOMOLY FOUND: 
	Votesmart Cand: Richard Marple, 	SQL Cand: Dick Marple, 
	State: New Hampshire, 
	Position: State House, 
	VS District: 24 , 	SQL District: Merrimack 24, 
	VoteSmartID: 21490
--
--
ANOMOLY FOUND: 
	Votesmart Cand: Edward Gordon, 	SQL Cand: Ned Gordon, 
	State: New Hampshire, 
	Position: State House, 
	VS District: 9 , 	SQL District: Grafton 9, 
	VoteSmartID: 185238
--
--
ANOMOLY FOUND: 
	Votesmart Cand: Mary Jane Mulligan, 	SQL Cand: Mary Mulligan, 
	State: New Hampshire, 
	Position: State House, 
	VS District: 12 , 	SQL District: Grafton 12, 
	VoteSmartID: 172529
--
--
ANOMOLY FOUND: 
	Votesmart Cand: Michael Abbott, 	SQL Cand: Dennis Abbott, 
	State: New Hampshire, 
	Position: State House, 
	VS District: 1 , 	SQL District: Cheshire 1, 
	VoteSmartID: 154243
--
--
ANOMOLY FOUND: 
	Votesmart Cand: Sharon Tomiko Santos, 	SQL Cand: Sharon Santos, 
	State: Washington, 
	Position: State House, 
	VS District: 37 , 	SQL District: 37, 
	VoteSmartID: 26171
--
--
ANOMOLY FOUND: 
	Votesmart Cand: Virginia Graham, 	SQL Cand: Jenny Graham, 
	State: Washington, 
	Position: State House, 
	VS District: 6 , 	SQL District: 6, 
	VoteSmartID: 182978
--
--
ANOMOLY FOUND: 
	Votesmart Cand: Lillian Ortiz-Self, 	SQL Cand: Lillian Ortiz, 
	State: Washington, 
	Position: State House, 
	VS District: 21 , 	SQL District: 21, 
	VoteSmartID: 148105
--
--
ANOMOLY FOUND: 
	Votesmart Cand: Steve Drazkowski, 	SQL Cand: Draz Drazkowski, 
	State: Minnesota, 
	Position: State House, 
	VS District: 21 , 	SQL District: 21, 
	VoteSmartID: 65586
--
--
ANOMOLY FOUND: 
	Votesmart Cand: John Considine, 	SQL Cand: Jack Considine Jr., 
	State: Minnesota, 
	Position: State House, 
	VS District: 19 , 	SQL District: 19, 
	VoteSmartID: 77280
--
--
ANOMOLY FOUND: 
	Votesmart Cand: Jamie Becker-Finn, 	SQL Cand: Jamie Becker, 
	State: Minnesota, 
	Position: State House, 
	VS District: 42 , 	SQL District: 42, 
	VoteSmartID: 171576
--
--
ANOMOLY FOUND: 
	Votesmart Cand: Mary Kunesh-Podein, 	SQL Cand: Mary Kunesh, 
	State: Minnesota, 
	Position: State House, 
	VS District: 41 , 	SQL District: 41, 
	VoteSmartID: 171572
--
--
ANOMOLY FOUND: 
	Votesmart Cand: Carlie Kotyza-Witthuhn, 	SQL Cand: Carlie Kotyza, 
	State: Minnesota, 
	Position: State House, 
	VS District: 48 , 	SQL District: 48, 
	VoteSmartID: 183813
--
--
ANOMOLY FOUND: 
	Votesmart Cand: Joseph Boteler, 	SQL Cand: Joe Boteler III, 
	State: Maryland, 
	Position: State House, 
	VS District: 8 , 	SQL District: 8, 
	VoteSmartID: 19077
--
--
ANOMOLY FOUND: 
	Votesmart Cand: Marvin Holmes, 	SQL Cand: Mel Holmes Jr., 
	State: Maryland, 
	Position: State House, 
	VS District: 23 , 	SQL District: 23, 
	VoteSmartID: 19380
--
--
ANOMOLY FOUND: 
	Votesmart Cand: Benjamin Barnes, 	SQL Cand: Ben Barnes, 
	State: Maryland, 
	Position: State House, 
	VS District: 21 , 	SQL District: 21, 
	VoteSmartID: 65935
--
--
ANOMOLY FOUND: 
	Votesmart Cand: Joseline Pena-Melnyk, 	SQL Cand: Josie Pena, 
	State: Maryland, 
	Position: State House, 
	VS District: 21 , 	SQL District: 21, 
	VoteSmartID: 68578
--
--
ANOMOLY FOUND: 
	Votesmart Cand: Nicholaus Kipke, 	SQL Cand: Nic Kipke, 
	State: Maryland, 
	Position: State House, 
	VS District: 31 , 	SQL District: 31, 
	VoteSmartID: 67311
--
--
ANOMOLY FOUND: 
	Votesmart Cand: Alfred Carr, 	SQL Cand: Al Carr Jr., 
	State: Maryland, 
	Position: State House, 
	VS District: 18 , 	SQL District: 18, 
	VoteSmartID: 66414
--
--
ANOMOLY FOUND: 
	Votesmart Cand: Geraldine Valentino-Smith, 	SQL Cand: Geraldine Valentino, 
	State: Maryland, 
	Position: State House, 
	VS District: 23 , 	SQL District: 23, 
	VoteSmartID: 75691
--
--
ANOMOLY FOUND: 
	Votesmart Cand: David Fraser-Hidalgo, 	SQL Cand: Dave Fraser, 
	State: Maryland, 
	Position: State House, 
	VS District: 15 , 	SQL District: 15, 
	VoteSmartID: 127423
--
--
ANOMOLY FOUND: 
	Votesmart Cand: Jefferson Ghrist, 	SQL Cand: Jeff Ghrist, 
	State: Maryland, 
	Position: State House, 
	VS District: 36 , 	SQL District: 36, 
	VoteSmartID: 87391
--
--
ANOMOLY FOUND: 
	Votesmart Cand: Edward Carey, 	SQL Cand: Ned Carey, 
	State: Maryland, 
	Position: State House, 
	VS District: 31 , 	SQL District: 31, 
	VoteSmartID: 127345
--
--
ANOMOLY FOUND: 
	Votesmart Cand: Sheree Sample-Hughes, 	SQL Cand: Sheree Sample, 
	State: Maryland, 
	Position: State House, 
	VS District: 37 , 	SQL District: 37, 
	VoteSmartID: 87638
--
ANOMOLY FOUND: 
	Votesmart Cand: Christopher Adams, 	SQL Cand: Chris Adams, 
	State: Maryland, 
	Position: State House, 
	VS District: 37 , 	SQL District: 37, 
	VoteSmartID: 149180
--
--
ANOMOLY FOUND: 
	Votesmart Cand: J. Bartlett, 	SQL Cand: Sandy Bartlett, 
	State: Maryland, 
	Position: State House, 
	VS District: 32 , 	SQL District: 32, 
	VoteSmartID: 181622
--
--
ANOMOLY FOUND: 
	Votesmart Cand: Jennifer Terrasa, 	SQL Cand: Jen Terrasa, 
	State: Maryland, 
	Position: State House, 
	VS District: 13 , 	SQL District: 13, 
	VoteSmartID: 87563
--
--
ANOMOLY FOUND: 
	Votesmart Cand: Julie Frye-Mueller, 	SQL Cand: Julie Frye, 
	State: South Dakota, 
	Position: State House, 
	VS District: 30 , 	SQL District: 30, 
	VoteSmartID: 152012
--
--
ANOMOLY FOUND: 
	Votesmart Cand: Catherine Giessel, 	SQL Cand: Cathy Giessel, 
	State: Alaska, 
	Position: State Senate, 
	District: N , 
	VoteSmartID: 117402
--
--
ANOMOLY FOUND: 
	Votesmart Cand: Elvi Gray-Jackson, 	SQL Cand: Elvi Gray, 
	State: Alaska, 
	Position: State Senate, 
	District: I , 
	VoteSmartID: 105212
--
--
ANOMOLY FOUND: 
	Votesmart Cand: Linda Coleman-Madison, 	SQL Cand: Linda Coleman, 
	State: Alabama, 
	Position: State Senate, 
	District: 20 , 
	VoteSmartID: 27684
--
--
ANOMOLY FOUND: 
	Votesmart Cand: Malika Sanders-Fortier, 	SQL Cand: Malika Sanders, 
	State: Alabama, 
	Position: State Senate, 
	District: 23 , 
	VoteSmartID: 180351
--
--
ANOMOLY FOUND: 
	Votesmart Cand: Robert Ward, 	SQL Cand: Cam Ward, 
	State: Alabama, 
	Position: State Senate, 
	District: 14 , 
	VoteSmartID: 121570
--
--
ANOMOLY FOUND: 
	Votesmart Cand: David Burkette, 	SQL Cand: Coach Burkette, 
	State: Alabama, 
	Position: State Senate, 
	District: 26 , 
	VoteSmartID: 105235
--
--
ANOMOLY FOUND: 
	Votesmart Cand: Michelle Ugenti-Rita, 	SQL Cand: Michelle Ugenti, 
	State: Arizona, 
	Position: State Senate, 
	District: 23 , 
	VoteSmartID: 123686
--
--
ANOMOLY FOUND: 
	Votesmart Cand: Kate McGee, 	SQL Cand: Kate Brophy McGee, 
	State: Arizona, 
	Position: State Senate, 
	District: 28 , 
	VoteSmartID: 123701
--
--
ANOMOLY FOUND: 
	Votesmart Cand: Otoniel Navarrete, 	SQL Cand: Tony Navarrete, 
	State: Arizona, 
	Position: State Senate, 
	District: 30 , 
	VoteSmartID: 171893
--
--
ANOMOLY FOUND: 
	Votesmart Cand: Guadalupe Chavira Contreras, 	SQL Cand: Lupe, Lupito Contreras, 
	State: Arizona, 
	Position: State Senate, 
	District: 19 , 
	VoteSmartID: 141487
--
--
ANOMOLY FOUND: 
	Votesmart Cand: Elizabeth English, 	SQL Cand: Jane English, 
	State: Arkansas, 
	Position: State Senate, 
	District: 34 , 
	VoteSmartID: 103760
--
--
ANOMOLY FOUND: 
	Votesmart Cand: Stanley Rapert, 	SQL Cand: Jason Rapert, 
	State: Arkansas, 
	Position: State Senate, 
	District: 35 , 
	VoteSmartID: 119197
--
--
ANOMOLY FOUND: 
	Votesmart Cand: James Paul Hendren, 	SQL Cand: Jim Hendren, 
	State: Arkansas, 
	Position: State Senate, 
	District: 2 , 
	VoteSmartID: 24611
--
--
ANOMOLY FOUND: 
	Votesmart Cand: Lowell Johnson, 	SQL Cand: Blake Johnson, 
	State: Arkansas, 
	Position: State Senate, 
	District: 20 , 
	VoteSmartID: 136741
--
--
ANOMOLY FOUND: 
	Votesmart Cand: James Beall, 	SQL Cand: Jim Beall Jr., 
	State: California, 
	Position: State Senate, 
	District: 15 , 
	VoteSmartID: 58229
--
--
ANOMOLY FOUND: 
	Votesmart Cand: Hannah-Beth Jackson, 	SQL Cand: Hannah, 
	State: California, 
	Position: State Senate, 
	District: 19 , 
	VoteSmartID: 16826
--
--
ANOMOLY FOUND: 
	Votesmart Cand: Patricia Bates, 	SQL Cand: Pat Bates, 
	State: California, 
	Position: State Senate, 
	District: 36 , 
	VoteSmartID: 16585
--
--
ANOMOLY FOUND: 
	Votesmart Cand: Benjamin Allen, 	SQL Cand: Ben Allen, 
	State: California, 
	Position: State Senate, 
	District: 26 , 
	VoteSmartID: 151677
--
--
ANOMOLY FOUND: 
	Votesmart Cand: Sanford Lee, 	SQL Cand: Pete Lee, 
	State: Colorado, 
	Position: State Senate, 
	District: 11 , 
	VoteSmartID: 106254
--
--
ANOMOLY FOUND: 
	Votesmart Cand: Catherine Osten, 	SQL Cand: Cathy Osten, 
	State: Connecticut, 
	Position: State Senate, 
	District: 19 , 
	VoteSmartID: 126682
--
--
ANOMOLY FOUND: 
	Votesmart Cand: Elizabeth Lockman, 	SQL Cand: Tizzy Lockman, 
	State: Delaware, 
	Position: State Senate, 
	District: 3 , 
	VoteSmartID: 184858
--
--
ANOMOLY FOUND: 
	Votesmart Cand: Catherine Cloutier, 	SQL Cand: Cathy Cloutier, 
	State: Delaware, 
	Position: State Senate, 
	District: 5 , 
	VoteSmartID: 1588
--
--
ANOMOLY FOUND: 
	Votesmart Cand: William Paradee, 	SQL Cand: Trey Paradee, 
	State: Delaware, 
	Position: State Senate, 
	District: 17 , 
	VoteSmartID: 109397
--
--
ANOMOLY FOUND: 
	Votesmart Cand: Warren Perry, 	SQL Cand: Keith Perry, 
	State: Florida, 
	Position: State Senate, 
	District: 8 , 
	VoteSmartID: 124227
--
--
ANOMOLY FOUND: 
	Votesmart Cand: Victor Torres, 	SQL Cand: Vic Torres Jr., 
	State: Florida, 
	Position: State Senate, 
	District: 15 , 
	VoteSmartID: 11880
--
--
ANOMOLY FOUND: 
	Votesmart Cand: C. Black, 	SQL Cand: Ellis Black, 
	State: Georgia, 
	Position: State Senate, 
	District: 8 , 
	VoteSmartID: 31908
--
--
ANOMOLY FOUND: 
	Votesmart Cand: Cecil Miller, 	SQL Cand: Butch Miller, 
	State: Georgia, 
	Position: State Senate, 
	District: 49 , 
	VoteSmartID: 122513
--
--
ANOMOLY FOUND: 
	Votesmart Cand: William Ligon, 	SQL Cand: Bill Ligon Jr., 
	State: Georgia, 
	Position: State Senate, 
	District: 3 , 
	VoteSmartID: 122305
--
--
ANOMOLY FOUND: 
	Votesmart Cand: Peter Martin, 	SQL Cand: P.K. Martin IV, 
	State: Georgia, 
	Position: State Senate, 
	District: 9 , 
	VoteSmartID: 112697
--
--
ANOMOLY FOUND: 
	Votesmart Cand: Michael Rhett, 	SQL Cand: Doc Rhett, 
	State: Georgia, 
	Position: State Senate, 
	District: 33 , 
	VoteSmartID: 151423
--
--
ANOMOLY FOUND: 
	Votesmart Cand: Sheikh Rahman, 	SQL Cand: Chad Rahman, 
	State: Georgia, 
	Position: State Senate, 
	District: 5 , 
	VoteSmartID: 142232
--
--
ANOMOLY FOUND: 
	Votesmart Cand: Jamie English, 	SQL Cand: Kalani English, 
	State: Hawaii, 
	Position: State Senate, 
	District: 7 , 
	VoteSmartID: 54061
--
--
ANOMOLY FOUND: 
	Votesmart Cand: Rosalyn Baker, 	SQL Cand: Roz Baker, 
	State: Hawaii, 
	Position: State Senate, 
	District: 6 , 
	VoteSmartID: 3401
--
--
ANOMOLY FOUND: 
	Votesmart Cand: Gilbert Keith-Agaran, 	SQL Cand: Gil Keith, 
	State: Hawaii, 
	Position: State Senate, 
	District: 5 , 
	VoteSmartID: 110947
--
--
ANOMOLY FOUND: 
	Votesmart Cand: Gerald Gabbard, 	SQL Cand: Mike Gabbard, 
	State: Hawaii, 
	Position: State Senate, 
	District: 20 , 
	VoteSmartID: 67633
--
--
ANOMOLY FOUND: 
	Votesmart Cand: R. Bair, 	SQL Cand: Steve Bair, 
	State: Idaho, 
	Position: State Senate, 
	District: 31 , 
	VoteSmartID: 58405
--
--
ANOMOLY FOUND: 
	Votesmart Cand: Cherie Buckner-Webb, 	SQL Cand: Cherie Buckner, 
	State: Idaho, 
	Position: State Senate, 
	District: 19 , 
	VoteSmartID: 119944
--
--
ANOMOLY FOUND: 
	Votesmart Cand: Janie Ward-Engelking, 	SQL Cand: Janie Ward, 
	State: Idaho, 
	Position: State Senate, 
	District: 18 , 
	VoteSmartID: 119940
--
--
ANOMOLY FOUND: 
	Votesmart Cand: C. Grow, 	SQL Cand: Scott Grow, 
	State: Idaho, 
	Position: State Senate, 
	District: 14 , 
	VoteSmartID: 179738
--
--
ANOMOLY FOUND: 
	Votesmart Cand: Antonio Munoz, 	SQL Cand: Tony Munoz, 
	State: Illinois, 
	Position: State Senate, 
	District: 1 , 
	VoteSmartID: 18385
--
--
ANOMOLY FOUND: 
	Votesmart Cand: William Brady, 	SQL Cand: Bill Brady Jr., 
	State: Illinois, 
	Position: State Senate, 
	District: 44 , 
	VoteSmartID: 6303
--
--
ANOMOLY FOUND: 
	Votesmart Cand: Jennifer Bertino-Tarrant, 	SQL Cand: Jennifer Bertino, 
	State: Illinois, 
	Position: State Senate, 
	District: 49 , 
	VoteSmartID: 135016
--
--
ANOMOLY FOUND: 
	Votesmart Cand: Elizabeth Brown, 	SQL Cand: Liz Brown, 
	State: Indiana, 
	Position: State Senate, 
	District: 15 , 
	VoteSmartID: 105855
--
--
ANOMOLY FOUND: 
	Votesmart Cand: William Dotzler, 	SQL Cand: Bill Dotzler Jr., 
	State: Iowa, 
	Position: State Senate, 
	District: 31 , 
	VoteSmartID: 11013
--
--
ANOMOLY FOUND: 
	Votesmart Cand: Mariannette Miller-Meeks, 	SQL Cand: Mariannette Miller, 
	State: Iowa, 
	Position: State Senate, 
	District: 41 , 
	VoteSmartID: 103294
--
--
ANOMOLY FOUND: 
	Votesmart Cand: Mary Pilcher-Cook, 	SQL Cand: Mary Pilcher, 
	State: Kansas, 
	Position: State Senate, 
	District: 10 , 
	VoteSmartID: 34468
--
--
ANOMOLY FOUND: 
	Votesmart Cand: Oletha Faust-Goudeau, 	SQL Cand: Oletha Faust, 
	State: Kansas, 
	Position: State Senate, 
	District: 29 , 
	VoteSmartID: 34890
--
--
ANOMOLY FOUND: 
	Votesmart Cand: Bertram Stivers, 	SQL Cand: Robert Stivers II, 
	State: Kentucky, 
	Position: State Senate, 
	District: 25 , 
	VoteSmartID: 9609
--
--
ANOMOLY FOUND: 
	Votesmart Cand: Ernest Harris, 	SQL Cand: Ernie Harris Jr., 
	State: Kentucky, 
	Position: State Senate, 
	District: 26 , 
	VoteSmartID: 4030
--
--
ANOMOLY FOUND: 
	Votesmart Cand: C. Embry, 	SQL Cand: C.B. Embry Jr., 
	State: Kentucky, 
	Position: State Senate, 
	District: 6 , 
	VoteSmartID: 35065
--
--
ANOMOLY FOUND: 
	Votesmart Cand: Reginald Thomas, 	SQL Cand: Reggie Thomas, 
	State: Kentucky, 
	Position: State Senate, 
	District: 13 , 
	VoteSmartID: 146040
--
--
ANOMOLY FOUND: 
	Votesmart Cand: George Wise, 	SQL Cand: Max Wise, 
	State: Kentucky, 
	Position: State Senate, 
	District: 16 , 
	VoteSmartID: 148892
--
--
ANOMOLY FOUND: 
	Votesmart Cand: Kenneth LaFleur, 	SQL Cand: Eric LaFleur, 
	State: Louisiana, 
	Position: State Senate, 
	District: 28 , 
	VoteSmartID: 35248
--
--
ANOMOLY FOUND: 
	Votesmart Cand: Mack White, 	SQL Cand: Bodi White Jr., 
	State: Louisiana, 
	Position: State Senate, 
	District: 6 , 
	VoteSmartID: 35350
--
--
ANOMOLY FOUND: 
	Votesmart Cand: Jean-Paul Morrell, 	SQL Cand: J.P. Morrell, 
	State: Louisiana, 
	Position: State Senate, 
	District: 3 , 
	VoteSmartID: 4588
--
--
ANOMOLY FOUND: 
	Votesmart Cand: Conrad Appel, 	SQL Cand: Major Appel, 
	State: Louisiana, 
	Position: State Senate, 
	District: 9 , 
	VoteSmartID: 110948
--
--
ANOMOLY FOUND: 
	Votesmart Cand: Richard Ward, 	SQL Cand: Rick Ward III, 
	State: Louisiana, 
	Position: State Senate, 
	District: 17 , 
	VoteSmartID: 134589
--
--
ANOMOLY FOUND: 
	Votesmart Cand: Robert Allain, 	SQL Cand: Bret Allain II, 
	State: Louisiana, 
	Position: State Senate, 
	District: 21 , 
	VoteSmartID: 134577
--
--
ANOMOLY FOUND: 
	Votesmart Cand: Russell Peacock, 	SQL Cand: Barrow Peacock, 
	State: Louisiana, 
	Position: State Senate, 
	District: 37 , 
	VoteSmartID: 35649
--
--
ANOMOLY FOUND: 
	Votesmart Cand: Gregory Tarver, 	SQL Cand: Greg Tarver Sr., 
	State: Louisiana, 
	Position: State Senate, 
	District: 39 , 
	VoteSmartID: 4488
--
--
ANOMOLY FOUND: 
	Votesmart Cand: Patrick Cortez, 	SQL Cand: Page Cortez, 
	State: Louisiana, 
	Position: State Senate, 
	District: 23 , 
	VoteSmartID: 93829
--
--
ANOMOLY FOUND: 
	Votesmart Cand: Kimberley Rosen, 	SQL Cand: Kim Rosen, 
	State: Maine, 
	Position: State Senate, 
	District: 8 , 
	VoteSmartID: 37040
--
--
ANOMOLY FOUND: 
	Votesmart Cand: Benjamin Chipman, 	SQL Cand: Ben Chipman, 
	State: Maine, 
	Position: State Senate, 
	District: 27 , 
	VoteSmartID: 127853
--
--
ANOMOLY FOUND: 
	Votesmart Cand: Catherine Breen, 	SQL Cand: Cathy Breen, 
	State: Maine, 
	Position: State Senate, 
	District: 25 , 
	VoteSmartID: 149587
--
--
ANOMOLY FOUND: 
	Votesmart Cand: Everett Carson, 	SQL Cand: Brownie Carson, 
	State: Maine, 
	Position: State Senate, 
	District: 24 , 
	VoteSmartID: 170057
--
--
ANOMOLY FOUND: 
	Votesmart Cand: Katherine Ann Klausmeier, 	SQL Cand: Kathy Klausmeier, 
	State: Maryland, 
	Position: State Senate, 
	District: 8 , 
	VoteSmartID: 6175
--
--
ANOMOLY FOUND: 
	Votesmart Cand: Shirley Nathan-Pulliam, 	SQL Cand: Shirley Nathan, 
	State: Maryland, 
	Position: State Senate, 
	District: 44 , 
	VoteSmartID: 6203
--
--
ANOMOLY FOUND: 
	Votesmart Cand: Benjamin Kramer, 	SQL Cand: Ben Kramer, 
	State: Maryland, 
	Position: State Senate, 
	District: 19 , 
	VoteSmartID: 68569
--
--
ANOMOLY FOUND: 
	Votesmart Cand: Stephen Hershey, 	SQL Cand: Steve Hershey Jr., 
	State: Maryland, 
	Position: State Senate, 
	District: 36 , 
	VoteSmartID: 127520
--
--
ANOMOLY FOUND: 
	Votesmart Cand: William Ferguson, 	SQL Cand: Bill Ferguson IV, 
	State: Maryland, 
	Position: State Senate, 
	District: 46 , 
	VoteSmartID: 127356
--
--
ANOMOLY FOUND: 
	Votesmart Cand: Thomas Miller, 	SQL Cand: Mike Miller Jr., 
	State: Maryland, 
	Position: State Senate, 
	District: 27 , 
	VoteSmartID: 6087
--
--
ANOMOLY FOUND: 
	Votesmart Cand: Mary Carozza, 	SQL Cand: Mary Beth Carozza, 
	State: Maryland, 
	Position: State Senate, 
	District: 38 , 
	VoteSmartID: 149187
--
--
ANOMOLY FOUND: 
	Votesmart Cand: William Smith, 	SQL Cand: Will Smith Jr., 
	State: Maryland, 
	Position: State Senate, 
	District: 20 , 
	VoteSmartID: 149141
--
--
ANOMOLY FOUND: 
	Votesmart Cand: Christopher West, 	SQL Cand: Chris West, 
	State: Maryland, 
	Position: State Senate, 
	District: 42 , 
	VoteSmartID: 149196
--
--
ANOMOLY FOUND: 
	Votesmart Cand: Charles Wiger, 	SQL Cand: Chuck Wiger, 
	State: Minnesota, 
	Position: State Senate, 
	District: 43 , 
	VoteSmartID: 13228
--
--
ANOMOLY FOUND: 
	Votesmart Cand: Richard Cohen, 	SQL Cand: Dick Cohen, 
	State: Minnesota, 
	Position: State Senate, 
	District: 64 , 
	VoteSmartID: 3886
--
--
ANOMOLY FOUND: 
	Votesmart Cand: D. Dibble, 	SQL Cand: Scott Dibble, 
	State: Minnesota, 
	Position: State Senate, 
	District: 61 , 
	VoteSmartID: 54751
--
--
ANOMOLY FOUND: 
	Votesmart Cand: Jason Isaacson, 	SQL Cand: Ike Isaacson, 
	State: Minnesota, 
	Position: State Senate, 
	District: 42 , 
	VoteSmartID: 21213
--
--
ANOMOLY FOUND: 
	Votesmart Cand: Sarita Simmons, 	SQL Cand: Willie Simmons, 
	State: Mississippi, 
	Position: State Senate, 
	District: 13 , 
	VoteSmartID: 186574
--
--
ANOMOLY FOUND: 
	Votesmart Cand: J. Michel, 	SQL Cand: Walter Michel, 
	State: Mississippi, 
	Position: State Senate, 
	District: 25 , 
	VoteSmartID: 20701
--
--
ANOMOLY FOUND: 
	Votesmart Cand: J. P. Wilemon, 	SQL Cand: J.P. Wilemon Jr., 
	State: Mississippi, 
	Position: State Senate, 
	District: 5 , 
	VoteSmartID: 20621
--
--
ANOMOLY FOUND: 
	Votesmart Cand: Eugene Clarke, 	SQL Cand: Buck Clarke, 
	State: Mississippi, 
	Position: State Senate, 
	District: 22 , 
	VoteSmartID: 40015
--
--
ANOMOLY FOUND: 
	Votesmart Cand: W. Hopson, 	SQL Cand: Briggs Hopson III, 
	State: Mississippi, 
	Position: State Senate, 
	District: 23 , 
	VoteSmartID: 69802
--
--
ANOMOLY FOUND: 
	Votesmart Cand: Angela Turner-Ford, 	SQL Cand: Angela Turner, 
	State: Mississippi, 
	Position: State Senate, 
	District: 16 , 
	VoteSmartID: 144220
--
--
ANOMOLY FOUND: 
	Votesmart Cand: Charles Younger, 	SQL Cand: Chuck Younger, 
	State: Mississippi, 
	Position: State Senate, 
	District: 17 , 
	VoteSmartID: 156194
--
--
ANOMOLY FOUND: 
	Votesmart Cand: Joseph Seymour, 	SQL Cand: Mike Seymour, 
	State: Mississippi, 
	Position: State Senate, 
	District: 47 , 
	VoteSmartID: 40160
--
--
ANOMOLY FOUND: 
	Votesmart Cand: Shalonn Curls, 	SQL Cand: Kiki Curls, 
	State: Missouri, 
	Position: State Senate, 
	District: 9 , 
	VoteSmartID: 66122
--
--
ANOMOLY FOUND: 
	Votesmart Cand: Paul Joseph Wieland, 	SQL Cand: Paul Wieland, 
	State: Missouri, 
	Position: State Senate, 
	District: 22 , 
	VoteSmartID: 8785
--
--
ANOMOLY FOUND: 
	Votesmart Cand: Richard Barrett, 	SQL Cand: Dick Barrett, 
	State: Montana, 
	Position: State Senate, 
	District: 45 , 
	VoteSmartID: 104239
--
--
ANOMOLY FOUND: 
	Votesmart Cand: Jennifer Pomnichowski, 	SQL Cand: J.P. Pomnichowski, 
	State: Montana, 
	Position: State Senate, 
	District: 33 , 
	VoteSmartID: 57336
--
--
ANOMOLY FOUND: 
	Votesmart Cand: Marilyn Dondero Loop, 	SQL Cand: Marilyn Loop, 
	State: Nevada, 
	Position: State Senate, 
	District: 8 , 
	VoteSmartID: 106888
--
--
ANOMOLY FOUND: 
	Votesmart Cand: Patricia Spearman, 	SQL Cand: Pat Spearman, 
	State: Nevada, 
	Position: State Senate, 
	District: 1 , 
	VoteSmartID: 137684
--
--
ANOMOLY FOUND: 
	Votesmart Cand: Heidi Gansert, 	SQL Cand: Heidi Seevers Gansert, 
	State: Nevada, 
	Position: State Senate, 
	District: 15 , 
	VoteSmartID: 43958
--
--
ANOMOLY FOUND: 
	Votesmart Cand: Christopher Brooks, 	SQL Cand: Chris Brooks, 
	State: Nevada, 
	Position: State Senate, 
	District: 3 , 
	VoteSmartID: 169534
--
--
ANOMOLY FOUND: 
	Votesmart Cand: Charles Morse, 	SQL Cand: Chuck Morse, 
	State: New Hampshire, 
	Position: State Senate, 
	District: 22 , 
	VoteSmartID: 21414
--
--
ANOMOLY FOUND: 
	Votesmart Cand: Richard Codey, 	SQL Cand: Dick Codey, 
	State: New Jersey, 
	Position: State Senate, 
	District: 27 , 
	VoteSmartID: 4172
--
--
ANOMOLY FOUND: 
	Votesmart Cand: Christopher Bateman, 	SQL Cand: Kip Bateman, 
	State: New Jersey, 
	Position: State Senate, 
	District: 16 , 
	VoteSmartID: 4194
--
--
ANOMOLY FOUND: 
	Votesmart Cand: Patrick Diegnan, 	SQL Cand: Pat Diegnan Jr., 
	State: New Jersey, 
	Position: State Senate, 
	District: 18 , 
	VoteSmartID: 55104
--
--
ANOMOLY FOUND: 
	Votesmart Cand: Nicholas Sacco, 	SQL Cand: Nick Sacco, 
	State: New Jersey, 
	Position: State Senate, 
	District: 32 , 
	VoteSmartID: 4467
--
--
ANOMOLY FOUND: 
	Votesmart Cand: Christopher Connors, 	SQL Cand: Chris Connors, 
	State: New Jersey, 
	Position: State Senate, 
	District: 9 , 
	VoteSmartID: 4186
--
--
ANOMOLY FOUND: 
	Votesmart Cand: M. Ruiz, 	SQL Cand: Teresa Ruiz, 
	State: New Jersey, 
	Position: State Senate, 
	District: 29 , 
	VoteSmartID: 69688
--
--
ANOMOLY FOUND: 
	Votesmart Cand: Thomas Kean, 	SQL Cand: Tom Kean Jr., 
	State: New Jersey, 
	Position: State Senate, 
	District: 21 , 
	VoteSmartID: 43250
--
--
ANOMOLY FOUND: 
	Votesmart Cand: Nilsa Cruz-Perez, 	SQL Cand: Nilsa Cruz, 
	State: New Jersey, 
	Position: State Senate, 
	District: 5 , 
	VoteSmartID: 4472
--
--
ANOMOLY FOUND: 
	Votesmart Cand: Gerald Ortiz Pino, 	SQL Cand: Jerry Ortiz y Pino, 
	State: New Mexico, 
	Position: State Senate, 
	District: 12 , 
	VoteSmartID: 43495
--
--
ANOMOLY FOUND: 
	Votesmart Cand: Benny Shendo, 	SQL Cand: Junior Shendo Jr., 
	State: New Mexico, 
	Position: State Senate, 
	District: 22 , 
	VoteSmartID: 102414
--
--
ANOMOLY FOUND: 
	Votesmart Cand: Daniel Ivey-Soto, 	SQL Cand: Daniel Ivey, 
	State: New Mexico, 
	Position: State Senate, 
	District: 15 , 
	VoteSmartID: 142920
--
--
ANOMOLY FOUND: 
	Votesmart Cand: Elizabeth Stefanics, 	SQL Cand: Liz Stefanics, 
	State: New Mexico, 
	Position: State Senate, 
	District: 39 , 
	VoteSmartID: 11985
--
--
ANOMOLY FOUND: 
	Votesmart Cand: Elizabeth Little, 	SQL Cand: Betty Little, 
	State: New York, 
	Position: State Senate, 
	District: 45 , 
	VoteSmartID: 4342
--
--
ANOMOLY FOUND: 
	Votesmart Cand: Andrea Stewart-Cousins, 	SQL Cand: Andrea Stewart, 
	State: New York, 
	Position: State Senate, 
	District: 35 , 
	VoteSmartID: 44199
--
--
ANOMOLY FOUND: 
	Votesmart Cand: Joseph Addabbo, 	SQL Cand: Joe Addabbo Jr., 
	State: New York, 
	Position: State Senate, 
	District: 15 , 
	VoteSmartID: 44931
--
--
ANOMOLY FOUND: 
	Votesmart Cand: Patricia Ritchie, 	SQL Cand: Patty Ritchie, 
	State: New York, 
	Position: State Senate, 
	District: 48 , 
	VoteSmartID: 44452
--
--
ANOMOLY FOUND: 
	Votesmart Cand: Frederick Akshar, 	SQL Cand: Fred Akshar, 
	State: New York, 
	Position: State Senate, 
	District: 52 , 
	VoteSmartID: 166122
--
--
ANOMOLY FOUND: 
	Votesmart Cand: Christopher Jacobs, 	SQL Cand: Chris Jacobs, 
	State: New York, 
	Position: State Senate, 
	District: 60 , 
	VoteSmartID: 59772
--
--
ANOMOLY FOUND: 
	Votesmart Cand: Robert Antonacci, 	SQL Cand: Bob Antonacci II, 
	State: New York, 
	Position: State Senate, 
	District: 50 , 
	VoteSmartID: 154917
--
--
ANOMOLY FOUND: 
	Votesmart Cand: Milton Fitch, 	SQL Cand: Toby Fitch Jr., 
	State: North Carolina, 
	Position: State Senate, 
	District: 4 , 
	VoteSmartID: 5976
--
--
ANOMOLY FOUND: 
	Votesmart Cand: William Jackson, 	SQL Cand: Brent Jackson, 
	State: North Carolina, 
	Position: State Senate, 
	District: 10 , 
	VoteSmartID: 117775
--
--
ANOMOLY FOUND: 
	Votesmart Cand: Richard Gunn, 	SQL Cand: Rick Gunn Jr., 
	State: North Carolina, 
	Position: State Senate, 
	District: 24 , 
	VoteSmartID: 102987
--
--
ANOMOLY FOUND: 
	Votesmart Cand: Robert Clark, 	SQL Cand: Ben Clark III, 
	State: North Carolina, 
	Position: State Senate, 
	District: 21 , 
	VoteSmartID: 117777
--
--
ANOMOLY FOUND: 
	Votesmart Cand: Wilfred Wells, 	SQL Cand: Andy Wells Jr., 
	State: North Carolina, 
	Position: State Senate, 
	District: 42 , 
	VoteSmartID: 136379
--
--
ANOMOLY FOUND: 
	Votesmart Cand: John Alexander, 	SQL Cand: Johnny Mac Alexander Jr., 
	State: North Carolina, 
	Position: State Senate, 
	District: 18 , 
	VoteSmartID: 102973
--
--
ANOMOLY FOUND: 
	Votesmart Cand: Charles Edwards, 	SQL Cand: Chuck Edwards, 
	State: North Carolina, 
	Position: State Senate, 
	District: 48 , 
	VoteSmartID: 166600
--
--
ANOMOLY FOUND: 
	Votesmart Cand: Danny Britt, 	SQL Cand: J.R. Britt Jr., 
	State: North Carolina, 
	Position: State Senate, 
	District: 13 , 
	VoteSmartID: 166587
--
--
ANOMOLY FOUND: 
	Votesmart Cand: Johnny Gallimore, 	SQL Cand: Eddie Gallimore, 
	State: North Carolina, 
	Position: State Senate, 
	District: 29 , 
	VoteSmartID: 136425
--
--
ANOMOLY FOUND: 
	Votesmart Cand: William Alexander, 	SQL Cand: Ted Alexander III, 
	State: North Carolina, 
	Position: State Senate, 
	District: 44 , 
	VoteSmartID: 149801
--
--
ANOMOLY FOUND: 
	Votesmart Cand: George Nickel, 	SQL Cand: Wiley Nickel III, 
	State: North Carolina, 
	Position: State Senate, 
	District: 16 , 
	VoteSmartID: 178326
--
--
ANOMOLY FOUND: 
	Votesmart Cand: Matthew Johnson, 	SQL Cand: Todd Johnson, 
	State: North Carolina, 
	Position: State Senate, 
	District: 35 , 
	VoteSmartID: 133986
--
--
ANOMOLY FOUND: 
	Votesmart Cand: Allison Ikley-Freeman, 	SQL Cand: Ally Ikley, 
	State: Oklahoma, 
	Position: State Senate, 
	District: 37 , 
	VoteSmartID: 176522
--
--
ANOMOLY FOUND: 
	Votesmart Cand: Elizabeth Johnson, 	SQL Cand: Betsy Johnson, 
	State: Oregon, 
	Position: State Senate, 
	District: 16 , 
	VoteSmartID: 46663
--
--
ANOMOLY FOUND: 
	Votesmart Cand: Charles Thomsen, 	SQL Cand: Chuck Thomsen, 
	State: Oregon, 
	Position: State Senate, 
	District: 26 , 
	VoteSmartID: 119275
--
--
ANOMOLY FOUND: 
	Votesmart Cand: Charles Riley, 	SQL Cand: Chuck Riley, 
	State: Oregon, 
	Position: State Senate, 
	District: 15 , 
	VoteSmartID: 46500
--
--
ANOMOLY FOUND: 
	Votesmart Cand: Christine Tartaglione, 	SQL Cand: Tina Tartaglione, 
	State: Pennsylvania, 
	Position: State Senate, 
	District: 2 , 
	VoteSmartID: 5244
--
--
ANOMOLY FOUND: 
	Votesmart Cand: Robert Tomlinson, 	SQL Cand: Tommy Tomlinson, 
	State: Pennsylvania, 
	Position: State Senate, 
	District: 6 , 
	VoteSmartID: 5246
--
--
ANOMOLY FOUND: 
	Votesmart Cand: Jacob Corman, 	SQL Cand: Jake Corman III, 
	State: Pennsylvania, 
	Position: State Senate, 
	District: 34 , 
	VoteSmartID: 23839
--
--
ANOMOLY FOUND: 
	Votesmart Cand: Joseph Scarnati, 	SQL Cand: Joe Scarnati III, 
	State: Pennsylvania, 
	Position: State Senate, 
	District: 25 , 
	VoteSmartID: 55673
--
--
ANOMOLY FOUND: 
	Votesmart Cand: Elizabeth Baker, 	SQL Cand: Lisa Baker, 
	State: Pennsylvania, 
	Position: State Senate, 
	District: 20 , 
	VoteSmartID: 57107
--
--
ANOMOLY FOUND: 
	Votesmart Cand: Lawrence Farnese, 	SQL Cand: Larry Farnese Jr., 
	State: Pennsylvania, 
	Position: State Senate, 
	District: 1 , 
	VoteSmartID: 57103
--
--
ANOMOLY FOUND: 
	Votesmart Cand: Kristin Phillips-Hill, 	SQL Cand: Kristin Phillips, 
	State: Pennsylvania, 
	Position: State Senate, 
	District: 28 , 
	VoteSmartID: 167797
--
--
ANOMOLY FOUND: 
	Votesmart Cand: Arthur Haywood, 	SQL Cand: Art Haywood III, 
	State: Pennsylvania, 
	Position: State Senate, 
	District: 4 , 
	VoteSmartID: 133622
--
--
ANOMOLY FOUND: 
	Votesmart Cand: Giovanni DiSanto, 	SQL Cand: John DiSanto, 
	State: Pennsylvania, 
	Position: State Senate, 
	District: 15 , 
	VoteSmartID: 167720
--
--
ANOMOLY FOUND: 
	Votesmart Cand: Elizabeth Crowley, 	SQL Cand: Betty Crowley, 
	State: Rhode Island, 
	Position: State Senate, 
	District: 16 , 
	VoteSmartID: 55722
--
--
ANOMOLY FOUND: 
	Votesmart Cand: Leonidas Raptakis, 	SQL Cand: Lou Raptakis, 
	State: Rhode Island, 
	Position: State Senate, 
	District: 33 , 
	VoteSmartID: 7408
--
--
ANOMOLY FOUND: 
	Votesmart Cand: Chauncey Gregory, 	SQL Cand: Greg Gregory, 
	State: South Carolina, 
	Position: State Senate, 
	District: 16 , 
	VoteSmartID: 3951
--
--
ANOMOLY FOUND: 
	Votesmart Cand: Thomas Young, 	SQL Cand: Tom Young Jr., 
	State: South Carolina, 
	Position: State Senate, 
	District: 24 , 
	VoteSmartID: 105039
--
--
ANOMOLY FOUND: 
	Votesmart Cand: Lawrence Grooms, 	SQL Cand: Larry Grooms, 
	State: South Carolina, 
	Position: State Senate, 
	District: 37 , 
	VoteSmartID: 15260
--
--
ANOMOLY FOUND: 
	Votesmart Cand: Charles Bradley Hutto, 	SQL Cand: Brad Hutto, 
	State: South Carolina, 
	Position: State Senate, 
	District: 40 , 
	VoteSmartID: 11943
--
--
ANOMOLY FOUND: 
	Votesmart Cand: George Campsen, 	SQL Cand: Chip Campsen III, 
	State: South Carolina, 
	Position: State Senate, 
	District: 43 , 
	VoteSmartID: 11920
--
--
ANOMOLY FOUND: 
	Votesmart Cand: Daniel Verdin, 	SQL Cand: Danny Verdin III, 
	State: South Carolina, 
	Position: State Senate, 
	District: 9 , 
	VoteSmartID: 48080
--
--
ANOMOLY FOUND: 
	Votesmart Cand: A. Massey, 	SQL Cand: Shane Massey, 
	State: South Carolina, 
	Position: State Senate, 
	District: 25 , 
	VoteSmartID: 101903
--
--
ANOMOLY FOUND: 
	Votesmart Cand: Floyd Nicholson, 	SQL Cand: Coach Nick Nicholson, 
	State: South Carolina, 
	Position: State Senate, 
	District: 10 , 
	VoteSmartID: 105049
--
--
ANOMOLY FOUND: 
	Votesmart Cand: J. McElveen, 	SQL Cand: Thomas McElveen III, 
	State: South Carolina, 
	Position: State Senate, 
	District: 35 , 
	VoteSmartID: 139581
--
--
ANOMOLY FOUND: 
	Votesmart Cand: Richard Harpootlian, 	SQL Cand: Dick Harpootlian, 
	State: South Carolina, 
	Position: State Senate, 
	District: 20 , 
	VoteSmartID: 186224
--
--
ANOMOLY FOUND: 
	Votesmart Cand: David Climer, 	SQL Cand: Wes Climer, 
	State: South Carolina, 
	Position: State Senate, 
	District: 15 , 
	VoteSmartID: 168929
--
--
ANOMOLY FOUND: 
	Votesmart Cand: Lee Anton Schoenbeck, 	SQL Cand: Lee Schoenbeck, 
	State: South Dakota, 
	Position: State Senate, 
	District: 5 , 
	VoteSmartID: 7456
--
--
ANOMOLY FOUND: 
	Votesmart Cand: Jeffery Rodrick Monroe, 	SQL Cand: Jeff Monroe, 
	State: South Dakota, 
	Position: State Senate, 
	District: 24 , 
	VoteSmartID: 7504
--
--
ANOMOLY FOUND: 
	Votesmart Cand: Ernest Otten, 	SQL Cand: Ernie Otten Jr., 
	State: South Dakota, 
	Position: State Senate, 
	District: 6 , 
	VoteSmartID: 11244
--
--
ANOMOLY FOUND: 
	Votesmart Cand: Richard Curd, 	SQL Cand: Blake Curd, 
	State: South Dakota, 
	Position: State Senate, 
	District: 12 , 
	VoteSmartID: 103979
--
--
ANOMOLY FOUND: 
	Votesmart Cand: Red Foster, 	SQL Cand: Red Dawn Foster, 
	State: South Dakota, 
	Position: State Senate, 
	District: 27 , 
	VoteSmartID: 169908
--
--
ANOMOLY FOUND: 
	Votesmart Cand: Jane Gray Nelson, 	SQL Cand: Jane Nelson, 
	State: Texas, 
	Position: State Senate, 
	District: 12 , 
	VoteSmartID: 5451
--
--
ANOMOLY FOUND: 
	Votesmart Cand: Eduardo Lucio, 	SQL Cand: Eddie Lucio Jr., 
	State: Texas, 
	Position: State Senate, 
	District: 27 , 
	VoteSmartID: 5445
--
--
ANOMOLY FOUND: 
	Votesmart Cand: J. Adams, 	SQL Cand: Stuart Adams, 
	State: Utah, 
	Position: State Senate, 
	District: 22 , 
	VoteSmartID: 50400
--
--
ANOMOLY FOUND: 
	Votesmart Cand: Thomas Norment, 	SQL Cand: Tommy Norment Jr., 
	State: Virginia, 
	Position: State Senate, 
	District: 3 , 
	VoteSmartID: 5112
--
--
ANOMOLY FOUND: 
	Votesmart Cand: L. Lucas, 	SQL Cand: Louise Lucas, 
	State: Virginia, 
	Position: State Senate, 
	District: 18 , 
	VoteSmartID: 5105
--
--
ANOMOLY FOUND: 
	Votesmart Cand: Richard Saslaw, 	SQL Cand: Dick Saslaw, 
	State: Virginia, 
	Position: State Senate, 
	District: 35 , 
	VoteSmartID: 5110
--
--
ANOMOLY FOUND: 
	Votesmart Cand: R. Deeds, 	SQL Cand: Creigh Deeds, 
	State: Virginia, 
	Position: State Senate, 
	District: 25 , 
	VoteSmartID: 5140
--
--
ANOMOLY FOUND: 
	Votesmart Cand: Charles Carrico, 	SQL Cand: Bill Carrico Sr., 
	State: Virginia, 
	Position: State Senate, 
	District: 40 , 
	VoteSmartID: 50953
--
--
ANOMOLY FOUND: 
	Votesmart Cand: Rosalyn Dance, 	SQL Cand: Roz Dance, 
	State: Virginia, 
	Position: State Senate, 
	District: 16 , 
	VoteSmartID: 50855
--
--
ANOMOLY FOUND: 
	Votesmart Cand: William Stanley, 	SQL Cand: Bill Stanley Jr., 
	State: Virginia, 
	Position: State Senate, 
	District: 20 , 
	VoteSmartID: 128559
--
--
ANOMOLY FOUND: 
	Votesmart Cand: Richard Hayden Black, 	SQL Cand: Dick Black, 
	State: Virginia, 
	Position: State Senate, 
	District: 13 , 
	VoteSmartID: 15429
--
--
ANOMOLY FOUND: 
	Votesmart Cand: William DeSteph, 	SQL Cand: Bill DeSteph Jr., 
	State: Virginia, 
	Position: State Senate, 
	District: 8 , 
	VoteSmartID: 79462
--
--
ANOMOLY FOUND: 
	Votesmart Cand: T. Mason, 	SQL Cand: Monty Mason, 
	State: Virginia, 
	Position: State Senate, 
	District: 1 , 
	VoteSmartID: 144854
--
--
ANOMOLY FOUND: 
	Votesmart Cand: Elizabeth Lovelett, 	SQL Cand: Liz Lovelett, 
	State: Washington, 
	Position: State Senate, 
	District: 40 , 
	VoteSmartID: 186185
--
--
ANOMOLY FOUND: 
	Votesmart Cand: Naomi Cline, 	SQL Cand: Sue Cline, 
	State: West Virginia, 
	Position: State Senate, 
	District: 9 , 
	VoteSmartID: 148453
--
--
ANOMOLY FOUND: 
	Votesmart Cand: Richard Lindsay, 	SQL Cand: Rich Lindsay II, 
	State: West Virginia, 
	Position: State Senate, 
	District: 8 , 
	VoteSmartID: 148555
--
--
ANOMOLY FOUND: 
	Votesmart Cand: Jennifer Shilling, 	SQL Cand: Jen Shilling, 
	State: Wisconsin, 
	Position: State Senate, 
	District: 32 , 
	VoteSmartID: 56385
--
--
ANOMOLY FOUND: 
	Votesmart Cand: Christopher Larson, 	SQL Cand: Chris Larson, 
	State: Wisconsin, 
	Position: State Senate, 
	District: 7 , 
	VoteSmartID: 109307
--
--
ANOMOLY FOUND: 
	Votesmart Cand: Christopher Rothfuss, 	SQL Cand: Chris Rothfuss, 
	State: Wyoming, 
	Position: State Senate, 
	District: 9 , 
	VoteSmartID: 106281
--
--
ANOMOLY FOUND: 
	Votesmart Cand: Liisa Anselmi-Dalton, 	SQL Cand: Liisa Anselmi, 
	State: Wyoming, 
	Position: State Senate, 
	District: 12 , 
	VoteSmartID: 171171
--
--
ANOMOLY FOUND: 
	Votesmart Cand: Reynolds Kost, 	SQL Cand: R.J. Kost, 
	State: Wyoming, 
	Position: State Senate, 
	District: 19 , 
	VoteSmartID: 184031
